Using pre-set license
Built from '2021.2/staging' branch; Version is '2021.2.3f1 (32358a8527b4) revision 3290506'; Using compiler version '192829333'; Build Type 'Release'
OS: 'Windows 10 Home; OS build 19043.1415; Version 2009; 64bit' Language: 'ru' Physical Memory: 8143 MB
BatchMode: 1, IsHumanControllingUs: 0, StartBugReporterOnCrash: 0, Is64bit: 1, IsPro: 0

COMMAND LINE ARGUMENTS:
E:\2021.2.3f1\Editor\Unity.exe
-adb2
-batchMode
-noUpm
-name
AssetImportWorker2
-projectPath
E:/Games/Hero2/Hero2
-logFile
Logs/AssetImportWorker2.log
-srvPort
58692
Successfully changed project path to: E:/Games/Hero2/Hero2
E:/Games/Hero2/Hero2
[UnityMemory] Configuration Parameters - Can be set up in boot.config
    "memorysetup-bucket-allocator-granularity=16"
    "memorysetup-bucket-allocator-bucket-count=8"
    "memorysetup-bucket-allocator-block-size=33554432"
    "memorysetup-bucket-allocator-block-count=8"
    "memorysetup-main-allocator-block-size=16777216"
    "memorysetup-thread-allocator-block-size=16777216"
    "memorysetup-gfx-main-allocator-block-size=16777216"
    "memorysetup-gfx-thread-allocator-block-size=16777216"
    "memorysetup-cache-allocator-block-size=4194304"
    "memorysetup-typetree-allocator-block-size=2097152"
    "memorysetup-profiler-bucket-allocator-granularity=16"
    "memorysetup-profiler-bucket-allocator-bucket-count=8"
    "memorysetup-profiler-bucket-allocator-block-size=33554432"
    "memorysetup-profiler-bucket-allocator-block-count=8"
    "memorysetup-profiler-allocator-block-size=16777216"
    "memorysetup-profiler-editor-allocator-block-size=1048576"
    "memorysetup-temp-allocator-size-main=16777216"
    "memorysetup-job-temp-allocator-block-size=2097152"
    "memorysetup-job-temp-allocator-block-size-background=1048576"
    "memorysetup-job-temp-allocator-reduction-small-platforms=262144"
    "memorysetup-temp-allocator-size-background-worker=32768"
    "memorysetup-temp-allocator-size-job-worker=262144"
    "memorysetup-temp-allocator-size-preload-manager=33554432"
    "memorysetup-temp-allocator-size-nav-mesh-worker=65536"
    "memorysetup-temp-allocator-size-audio-worker=65536"
    "memorysetup-temp-allocator-size-cloud-worker=32768"
    "memorysetup-temp-allocator-size-gi-baking-worker=262144"
    "memorysetup-temp-allocator-size-gfx=262144"
Refreshing native plugins compatible for Editor in 154.21 ms, found 3 plugins.
Preloading 0 native plugins for Editor in 0.00 ms.
Initialize engine version: 2021.2.3f1 (32358a8527b4)
[Subsystems] Discovering subsystems at path E:/2021.2.3f1/Editor/Data/Resources/UnitySubsystems
[Subsystems] Discovering subsystems at path E:/Games/Hero2/Hero2/Assets
GfxDevice: creating device client; threaded=0; jobified=0
Direct3D:
    Version:  Direct3D 11.0 [level 11.1]
    Renderer: NVIDIA GeForce GTX 1650 (ID=0x1f82)
    Vendor:   NVIDIA
    VRAM:     3962 MB
    Driver:   30.0.14.7111
Initialize mono
Mono path[0] = 'E:/2021.2.3f1/Editor/Data/Managed'
Mono path[1] = 'E:/2021.2.3f1/Editor/Data/MonoBleedingEdge/lib/mono/unityjit-win32'
Mono config path = 'E:/2021.2.3f1/Editor/Data/MonoBleedingEdge/etc'
Using monoOptions --debugger-agent=transport=dt_socket,embedding=1,server=y,suspend=n,address=127.0.0.1:56720
Begin MonoManager ReloadAssembly
Registering precompiled unity dll's ...
Register platform support module: E:/2021.2.3f1/Editor/Data/PlaybackEngines/WindowsStandaloneSupport/UnityEditor.WindowsStandalone.Extensions.dll
Registered in 0.002838 seconds.
Native extension for WindowsStandalone target not found
Refreshing native plugins compatible for Editor in 160.06 ms, found 3 plugins.
Preloading 0 native plugins for Editor in 0.00 ms.
Mono: successfully reloaded assembly
- Completed reload, in  0.766 seconds
Domain Reload Profiling:
	ReloadAssembly (767ms)
		BeginReloadAssembly (83ms)
			ExecutionOrderSort (0ms)
			DisableScriptedObjects (0ms)
			BackupInstance (0ms)
			ReleaseScriptingObjects (0ms)
			CreateAndSetChildDomain (1ms)
		EndReloadAssembly (597ms)
			LoadAssemblies (82ms)
			RebuildTransferFunctionScriptingTraits (0ms)
			SetupTypeCache (118ms)
			ReleaseScriptCaches (0ms)
			RebuildScriptCaches (31ms)
			SetupLoadedEditorAssemblies (384ms)
				LogAssemblyErrors (0ms)
				InitializePlatformSupportModulesInManaged (18ms)
				SetLoadedEditorAssemblies (0ms)
				RefreshPlugins (160ms)
				BeforeProcessingInitializeOnLoad (2ms)
				ProcessInitializeOnLoadAttributes (149ms)
				ProcessInitializeOnLoadMethodAttributes (55ms)
				AfterProcessingInitializeOnLoad (0ms)
				EditorAssembliesLoaded (0ms)
			ExecutionOrderSort2 (0ms)
			AwakeInstancesAfterBackupRestoration (0ms)
Platform modules already initialized, skipping
Registering precompiled user dll's ...
Registered in 0.008723 seconds.
Begin MonoManager ReloadAssembly
Symbol file LoadedFromMemory doesn't match image E:\Games\Hero2\Hero2\Library\PackageCache\com.unity.visualscripting@1.7.5\Editor\VisualScripting.Core\Dependencies\DotNetZip\Unity.VisualScripting.IonicZip.dll
Symbol file LoadedFromMemory doesn't match image E:\Games\Hero2\Hero2\Library\PackageCache\com.unity.visualscripting@1.7.5\Editor\VisualScripting.Core\Dependencies\YamlDotNet\Unity.VisualScripting.YamlDotNet.dll
Native extension for WindowsStandalone target not found
Refreshing native plugins compatible for Editor in 153.99 ms, found 3 plugins.
Preloading 0 native plugins for Editor in 0.00 ms.
Package Manager log level set to [2]
Mono: successfully reloaded assembly
- Completed reload, in  2.997 seconds
Domain Reload Profiling:
	ReloadAssembly (2998ms)
		BeginReloadAssembly (208ms)
			ExecutionOrderSort (0ms)
			DisableScriptedObjects (7ms)
			BackupInstance (0ms)
			ReleaseScriptingObjects (0ms)
			CreateAndSetChildDomain (26ms)
		EndReloadAssembly (2675ms)
			LoadAssemblies (254ms)
			RebuildTransferFunctionScriptingTraits (0ms)
			SetupTypeCache (369ms)
			ReleaseScriptCaches (1ms)
			RebuildScriptCaches (74ms)
			SetupLoadedEditorAssemblies (1859ms)
				LogAssemblyErrors (0ms)
				InitializePlatformSupportModulesInManaged (11ms)
				SetLoadedEditorAssemblies (0ms)
				RefreshPlugins (154ms)
				BeforeProcessingInitializeOnLoad (134ms)
				ProcessInitializeOnLoadAttributes (1331ms)
				ProcessInitializeOnLoadMethodAttributes (225ms)
				AfterProcessingInitializeOnLoad (4ms)
				EditorAssembliesLoaded (0ms)
			ExecutionOrderSort2 (0ms)
			AwakeInstancesAfterBackupRestoration (7ms)
Platform modules already initialized, skipping
========================================================================
Worker process is ready to serve import requests
Launched and connected shader compiler UnityShaderCompiler.exe after 0.24 seconds
Refreshing native plugins compatible for Editor in 1.45 ms, found 3 plugins.
Preloading 0 native plugins for Editor in 0.00 ms.
Unloading 5785 Unused Serialized files (Serialized files now loaded: 0)
Unloading 72 unused Assets / (0.7 MB). Loaded Objects now: 6217.
Memory consumption went from 223.3 MB to 222.6 MB.
Total: 10.072100 ms (FindLiveObjects: 0.845800 ms CreateObjectMapping: 0.214100 ms MarkObjects: 8.472500 ms  DeleteObjects: 0.538100 ms)

AssetImportParameters requested are different than current active one (requested -> active):
  custom:video-decoder-ogg-theora: a1e56fd34408186e4bbccfd4996cb3dc -> 
  custom:container-muxer-webm: aa71ff27fc2769a1b78a27578f13a17b -> 
  custom:container-demuxer-webm: 4f35f7cbe854078d1ac9338744f61a02 -> 
  custom:video-encoder-webm-vp8: eb34c28f22e8b96e1ab97ce403110664 -> 
  custom:audio-encoder-webm-vorbis: bf7c407c2cedff20999df2af8eb42d56 -> 
  custom:framework-win-MediaFoundation: 216162199b28c13a410421893ffa2e32 -> 
  custom:container-demuxer-ogg: 62fdf1f143b41e24485cea50d1cbac27 -> 
  custom:video-decoder-webm-vp8: 9c59270c3fd7afecdb556c50c9e8de78 -> 
  custom:audio-decoder-ogg-vorbis: bf7c407c2cedff20999df2af8eb42d56 -> 
========================================================================
Received Import Request.
  Time since last request: 178613.144346 seconds.
  path: Assets/Resources/Sprites/AD.png
  artifactKey: Guid(b50770a1a8302ff4c9b70f2726626a1d) Importer(815301076,1909f56bfc062723c751e8b465ee728b)
Start importing Assets/Resources/Sprites/AD.png using Guid(b50770a1a8302ff4c9b70f2726626a1d) Importer(815301076,1909f56bfc062723c751e8b465ee728b)  -> (artifact id: '447ed83c8622efb1e72b58326468cac5') in 0.108070 seconds 
========================================================================
Received Import Request.
  Time since last request: 5.480805 seconds.
  path: Assets/Resources/Sprites/AD.png
  artifactKey: Guid(b50770a1a8302ff4c9b70f2726626a1d) Importer(815301076,1909f56bfc062723c751e8b465ee728b)
Start importing Assets/Resources/Sprites/AD.png using Guid(b50770a1a8302ff4c9b70f2726626a1d) Importer(815301076,1909f56bfc062723c751e8b465ee728b)  -> (artifact id: 'e47a3528367613a8ca77e0fe66e996ba') in 0.078571 seconds 
========================================================================
Received Import Request.
  Time since last request: 299.567368 seconds.
  path: Assets/Resources/Sprites/AD.png
  artifactKey: Guid(b50770a1a8302ff4c9b70f2726626a1d) Importer(815301076,1909f56bfc062723c751e8b465ee728b)
Start importing Assets/Resources/Sprites/AD.png using Guid(b50770a1a8302ff4c9b70f2726626a1d) Importer(815301076,1909f56bfc062723c751e8b465ee728b)  -> (artifact id: 'd0d97c51849bcf278e4f65570dc6faa7') in 0.017853 seconds 
========================================================================
Received Import Request.
  Time since last request: 5.888637 seconds.
  path: Assets/Resources/Sprites/AD.png
  artifactKey: Guid(b50770a1a8302ff4c9b70f2726626a1d) Importer(815301076,1909f56bfc062723c751e8b465ee728b)
Start importing Assets/Resources/Sprites/AD.png using Guid(b50770a1a8302ff4c9b70f2726626a1d) Importer(815301076,1909f56bfc062723c751e8b465ee728b)  -> (artifact id: '4d9d4f789f4905f32880ce97b3b118b5') in 0.022831 seconds 
========================================================================
Received Import Request.
  Time since last request: 304.610892 seconds.
  path: Assets/TextMesh Pro/Resources/Fonts & Materials/LiberationSans SDF.asset
  artifactKey: Guid(8f586378b4e144a9851e7b34d9b748ee) Importer(815301076,1909f56bfc062723c751e8b465ee728b)
Start importing Assets/TextMesh Pro/Resources/Fonts & Materials/LiberationSans SDF.asset using Guid(8f586378b4e144a9851e7b34d9b748ee) Importer(815301076,1909f56bfc062723c751e8b465ee728b)  -> (artifact id: '77b88cf0a1e9535c6eef50f1e5b41c6f') in 0.489055 seconds 
========================================================================
Received Import Request.
  Time since last request: 1260.296765 seconds.
  path: Assets/Resources/Prefabs/RedBallBullet.prefab
  artifactKey: Guid(b5f992821e9f09f49b5b7214a82d4be9) Importer(815301076,1909f56bfc062723c751e8b465ee728b)
Start importing Assets/Resources/Prefabs/RedBallBullet.prefab using Guid(b5f992821e9f09f49b5b7214a82d4be9) Importer(815301076,1909f56bfc062723c751e8b465ee728b)  -> (artifact id: 'daab624f0e0441f2eb13077cc6ea44a8') in 0.252347 seconds 
========================================================================
Received Import Request.
  Time since last request: 18.696414 seconds.
  path: Assets/Resources/Prefabs/UI
  artifactKey: Guid(7e0f80303b9facb489d83c65b412042f) Importer(815301076,1909f56bfc062723c751e8b465ee728b)
Start importing Assets/Resources/Prefabs/UI using Guid(7e0f80303b9facb489d83c65b412042f) Importer(815301076,1909f56bfc062723c751e8b465ee728b)  -> (artifact id: '1b892c604c6eaa6de4aa647f760f24e8') in 0.010317 seconds 
========================================================================
Received Import Request.
  Time since last request: 3.958708 seconds.
  path: Assets/Resources/Prefabs/UI/Boxes.prefab
  artifactKey: Guid(219799b9e5dd73f4db7e3c687786872a) Importer(815301076,1909f56bfc062723c751e8b465ee728b)
Start importing Assets/Resources/Prefabs/UI/Boxes.prefab using Guid(219799b9e5dd73f4db7e3c687786872a) Importer(815301076,1909f56bfc062723c751e8b465ee728b)  -> (artifact id: '2b939a554b96acb8d8236836692f69ff') in 0.089224 seconds 
========================================================================
Received Import Request.
  Time since last request: 1295.140379 seconds.
  path: Assets/Scripts/Systems/ShopSystem.cs
  artifactKey: Guid(02775eb9d393abe4f9028d3fd5d919db) Importer(815301076,1909f56bfc062723c751e8b465ee728b)
Start importing Assets/Scripts/Systems/ShopSystem.cs using Guid(02775eb9d393abe4f9028d3fd5d919db) Importer(815301076,1909f56bfc062723c751e8b465ee728b)  -> (artifact id: '12dc0a6b7f60b1c5a83b536a44cd6d17') in 0.012907 seconds 
========================================================================
Received Prepare
Registering precompiled user dll's ...
Registered in 0.008763 seconds.
Begin MonoManager ReloadAssembly
Symbol file LoadedFromMemory doesn't match image E:\Games\Hero2\Hero2\Library\PackageCache\com.unity.visualscripting@1.7.5\Editor\VisualScripting.Core\Dependencies\DotNetZip\Unity.VisualScripting.IonicZip.dll
Symbol file LoadedFromMemory doesn't match image E:\Games\Hero2\Hero2\Library\PackageCache\com.unity.visualscripting@1.7.5\Editor\VisualScripting.Core\Dependencies\YamlDotNet\Unity.VisualScripting.YamlDotNet.dll
Native extension for WindowsStandalone target not found
Refreshing native plugins compatible for Editor in 1.52 ms, found 3 plugins.
Preloading 0 native plugins for Editor in 0.00 ms.
Mono: successfully reloaded assembly
- Completed reload, in  1.751 seconds
Domain Reload Profiling:
	ReloadAssembly (1752ms)
		BeginReloadAssembly (216ms)
			ExecutionOrderSort (0ms)
			DisableScriptedObjects (10ms)
			BackupInstance (0ms)
			ReleaseScriptingObjects (0ms)
			CreateAndSetChildDomain (76ms)
		EndReloadAssembly (1422ms)
			LoadAssemblies (101ms)
			RebuildTransferFunctionScriptingTraits (0ms)
			SetupTypeCache (333ms)
			ReleaseScriptCaches (2ms)
			RebuildScriptCaches (54ms)
			SetupLoadedEditorAssemblies (714ms)
				LogAssemblyErrors (0ms)
				InitializePlatformSupportModulesInManaged (13ms)
				SetLoadedEditorAssemblies (1ms)
				RefreshPlugins (2ms)
				BeforeProcessingInitializeOnLoad (96ms)
				ProcessInitializeOnLoadAttributes (436ms)
				ProcessInitializeOnLoadMethodAttributes (164ms)
				AfterProcessingInitializeOnLoad (3ms)
				EditorAssembliesLoaded (0ms)
			ExecutionOrderSort2 (0ms)
			AwakeInstancesAfterBackupRestoration (22ms)
Platform modules already initialized, skipping
Switching build target platform(19) subTarget(0) extendedPlatform(0) -> platform(13) subTarget(0) extendedPlatform(0)
Refreshing native plugins compatible for Editor in 1.88 ms, found 3 plugins.
Preloading 0 native plugins for Editor in 0.00 ms.
Unloading 5664 Unused Serialized files (Serialized files now loaded: 0)
Unloading 61 unused Assets / (319.3 KB). Loaded Objects now: 6395.
Memory consumption went from 227.7 MB to 227.4 MB.
Total: 9.012000 ms (FindLiveObjects: 0.723300 ms CreateObjectMapping: 0.199700 ms MarkObjects: 7.967000 ms  DeleteObjects: 0.120400 ms)

AssetImportParameters requested are different than current active one (requested -> active):
  custom:video-decoder-ogg-theora: a1e56fd34408186e4bbccfd4996cb3dc -> 
  custom:container-muxer-webm: aa71ff27fc2769a1b78a27578f13a17b -> 
  custom:container-demuxer-webm: 4f35f7cbe854078d1ac9338744f61a02 -> 
  custom:video-encoder-webm-vp8: eb34c28f22e8b96e1ab97ce403110664 -> 
  custom:audio-encoder-webm-vorbis: bf7c407c2cedff20999df2af8eb42d56 -> 
  custom:framework-win-MediaFoundation: 216162199b28c13a410421893ffa2e32 -> 
  custom:container-demuxer-ogg: 62fdf1f143b41e24485cea50d1cbac27 -> 
  custom:video-decoder-webm-vp8: 9c59270c3fd7afecdb556c50c9e8de78 -> 
  custom:audio-decoder-ogg-vorbis: bf7c407c2cedff20999df2af8eb42d56 -> 
========================================================================
Received Import Request.
  Time since last request: 3466.958257 seconds.
  path: Assets/Resources/Prefabs/UI/Crystalls.prefab
  artifactKey: Guid(5803baefaf67bab41a27aec55db21860) Importer(815301076,1909f56bfc062723c751e8b465ee728b)
Start importing Assets/Resources/Prefabs/UI/Crystalls.prefab using Guid(5803baefaf67bab41a27aec55db21860) Importer(815301076,1909f56bfc062723c751e8b465ee728b)  -> (artifact id: 'e2e4df1643f8faf23860b64affac0f7c') in 0.169384 seconds 
========================================================================
Received Import Request.
  Time since last request: 24.758320 seconds.
  path: Assets/Resources/Prefabs/UI/Boxes.prefab
  artifactKey: Guid(219799b9e5dd73f4db7e3c687786872a) Importer(815301076,1909f56bfc062723c751e8b465ee728b)
Start importing Assets/Resources/Prefabs/UI/Boxes.prefab using Guid(219799b9e5dd73f4db7e3c687786872a) Importer(815301076,1909f56bfc062723c751e8b465ee728b)  -> (artifact id: 'e22bd419362d2f46c88cf390ebbd1a95') in 0.031710 seconds 
========================================================================
Received Import Request.
  Time since last request: 244.952592 seconds.
  path: Assets/Resources/Prefabs/UI/Crystalls.prefab
  artifactKey: Guid(5803baefaf67bab41a27aec55db21860) Importer(815301076,1909f56bfc062723c751e8b465ee728b)
Start importing Assets/Resources/Prefabs/UI/Crystalls.prefab using Guid(5803baefaf67bab41a27aec55db21860) Importer(815301076,1909f56bfc062723c751e8b465ee728b)  -> (artifact id: 'f28a438958cd0b890fc7097a4daeba27') in 0.035083 seconds 
========================================================================
Received Import Request.
  Time since last request: 247.310659 seconds.
  path: Assets/Resources/Prefabs/UI/Boxes.prefab
  artifactKey: Guid(219799b9e5dd73f4db7e3c687786872a) Importer(815301076,1909f56bfc062723c751e8b465ee728b)
Start importing Assets/Resources/Prefabs/UI/Boxes.prefab using Guid(219799b9e5dd73f4db7e3c687786872a) Importer(815301076,1909f56bfc062723c751e8b465ee728b)  -> (artifact id: 'd621fc3800557be2c47b554b6ba5c82a') in 0.032252 seconds 
========================================================================
Received Import Request.
  Time since last request: 3063.622973 seconds.
  path: Assets/Resources/Sprites/RedRing.png
  artifactKey: Guid(8798ec0b845277d4bbb30be4e3962d3e) Importer(815301076,1909f56bfc062723c751e8b465ee728b)
Start importing Assets/Resources/Sprites/RedRing.png using Guid(8798ec0b845277d4bbb30be4e3962d3e) Importer(815301076,1909f56bfc062723c751e8b465ee728b)  -> (artifact id: '44191feb01cc24ecca6708b08a8291a0') in 0.048918 seconds 
========================================================================
Received Import Request.
  Time since last request: 6.667145 seconds.
  path: Assets/Resources/Sprites/RedRing.png
  artifactKey: Guid(8798ec0b845277d4bbb30be4e3962d3e) Importer(815301076,1909f56bfc062723c751e8b465ee728b)
Start importing Assets/Resources/Sprites/RedRing.png using Guid(8798ec0b845277d4bbb30be4e3962d3e) Importer(815301076,1909f56bfc062723c751e8b465ee728b)  -> (artifact id: '39e489f4c2f7cccd47c38882931fd0b7') in 0.037701 seconds 
========================================================================
Received Import Request.
  Time since last request: 489.159035 seconds.
  path: Assets/Resources/Animations/RedRing.controller
  artifactKey: Guid(aa80a12e10e469f40b57e8ddebe98bc0) Importer(815301076,1909f56bfc062723c751e8b465ee728b)
Start importing Assets/Resources/Animations/RedRing.controller using Guid(aa80a12e10e469f40b57e8ddebe98bc0) Importer(815301076,1909f56bfc062723c751e8b465ee728b)  -> (artifact id: 'a16150f6f09bbc6251f4b1342035bcb4') in 0.009903 seconds 
========================================================================
Received Import Request.
  Time since last request: 129.251408 seconds.
  path: Assets/Resources/Prefabs/UI/RedRing.prefab
  artifactKey: Guid(d1276c76cc1125b4ca87996a1755f17a) Importer(815301076,1909f56bfc062723c751e8b465ee728b)
Start importing Assets/Resources/Prefabs/UI/RedRing.prefab using Guid(d1276c76cc1125b4ca87996a1755f17a) Importer(815301076,1909f56bfc062723c751e8b465ee728b)  -> (artifact id: '4f2432ad77fa7df8eed1a91d013c88ff') in 0.029986 seconds 
========================================================================
Received Import Request.
  Time since last request: 1049.882337 seconds.
  path: Assets/Resources/Prefabs/UI/Coins.prefab
  artifactKey: Guid(2af6223abf0cb0d4eb6624bfc782abe1) Importer(815301076,1909f56bfc062723c751e8b465ee728b)
Start importing Assets/Resources/Prefabs/UI/Coins.prefab using Guid(2af6223abf0cb0d4eb6624bfc782abe1) Importer(815301076,1909f56bfc062723c751e8b465ee728b)  -> (artifact id: '00d633272426496f500ecf00087405fd') in 0.038995 seconds 
========================================================================
Received Import Request.
  Time since last request: 107.556407 seconds.
  path: Assets/Scripts/Scroll
  artifactKey: Guid(bea5e4768bbf6d64c9e8feaa454b391b) Importer(815301076,1909f56bfc062723c751e8b465ee728b)
Start importing Assets/Scripts/Scroll using Guid(bea5e4768bbf6d64c9e8feaa454b391b) Importer(815301076,1909f56bfc062723c751e8b465ee728b)  -> (artifact id: '1ec72e8ff8de42e708678a9f7cb2a5c6') in 0.008767 seconds 
========================================================================
Received Prepare
Registering precompiled user dll's ...
Registered in 0.009121 seconds.
Begin MonoManager ReloadAssembly
* Assertion at C:\build\output\Unity-Technologies\mono\mono\mini\mini-generic-sharing.c:900, condition `oti' not met

Crash!!!
SymInit: Symbol-SearchPath: 'E:/2021.2.3f1/Editor/Data/Mono;.;E:\Games\Hero2\Hero2;E:\Games\Hero2\Hero2\Library\BurstCache\JIT;E:\2021.2.3f1\Editor;C:\WINDOWS;C:\WINDOWS\system32;SRV*C:\websymbols*http://msdl.microsoft.com/download/symbols;', symOptions: 534, UserName: 'ak918'
OS-Version: 10.0.0
E:\2021.2.3f1\Editor\Unity.exe:Unity.exe (00007FF656730000), size: 72929280 (result: 0), SymType: '-deferred-', PDB: '', fileVersion: 2021.2.3.13706
C:\WINDOWS\SYSTEM32\ntdll.dll:ntdll.dll (00007FFA66950000), size: 2052096 (result: 0), SymType: '-deferred-', PDB: '', fileVersion: 10.0.19041.1288
C:\WINDOWS\System32\KERNEL32.DLL:KERNEL32.DLL (00007FFA66850000), size: 778240 (result: 0), SymType: '-deferred-', PDB: '', fileVersion: 10.0.19041.1348
C:\WINDOWS\System32\KERNELBASE.dll:KERNELBASE.dll (00007FFA64060000), size: 2916352 (result: 0), SymType: '-deferred-', PDB: '', fileVersion: 10.0.19041.1387
C:\WINDOWS\System32\CRYPT32.dll:CRYPT32.dll (00007FFA643E0000), size: 1400832 (result: 0), SymType: '-deferred-', PDB: '', fileVersion: 10.0.19041.1320
C:\WINDOWS\System32\ucrtbase.dll:ucrtbase.dll (00007FFA647A0000), size: 1048576 (result: 0), SymType: '-deferred-', PDB: '', fileVersion: 10.0.19041.789
C:\WINDOWS\System32\USER32.dll:USER32.dll (00007FFA65810000), size: 1708032 (result: 0), SymType: '-deferred-', PDB: '', fileVersion: 10.0.19041.1202
C:\WINDOWS\System32\win32u.dll:win32u.dll (00007FFA64600000), size: 139264 (result: 0), SymType: '-deferred-', PDB: '', fileVersion: 10.0.19041.1387
E:\2021.2.3f1\Editor\libfbxsdk.dll:libfbxsdk.dll (00007FFA2C920000), size: 10215424 (result: 0), SymType: '-deferred-', PDB: '', fileVersion: 2020.2.0.0
E:\2021.2.3f1\Editor\s3tcompress.dll:s3tcompress.dll (00007FFA49CD0000), size: 180224 (result: 0), SymType: '-deferred-', PDB: ''
E:\2021.2.3f1\Editor\optix.6.0.0.dll:optix.6.0.0.dll (00007FFA457E0000), size: 208896 (result: 0), SymType: '-deferred-', PDB: '', fileVersion: 6.0.0.0
C:\WINDOWS\System32\GDI32.dll:GDI32.dll (00007FFA65E20000), size: 176128 (result: 0), SymType: '-deferred-', PDB: '', fileVersion: 10.0.19041.1202
C:\WINDOWS\System32\gdi32full.dll:gdi32full.dll (00007FFA64690000), size: 1101824 (result: 0), SymType: '-deferred-', PDB: '', fileVersion: 10.0.19041.1387
E:\2021.2.3f1\Editor\etccompress.dll:etccompress.dll (00007FFA2DA60000), size: 5066752 (result: 0), SymType: '-deferred-', PDB: ''
C:\WINDOWS\System32\msvcp_win.dll:msvcp_win.dll (00007FFA648F0000), size: 643072 (result: 0), SymType: '-deferred-', PDB: '', fileVersion: 10.0.19041.789
E:\2021.2.3f1\Editor\ispc_texcomp.dll:ispc_texcomp.dll (00007FFA2DF40000), size: 1740800 (result: 0), SymType: '-deferred-', PDB: ''
C:\WINDOWS\System32\ADVAPI32.dll:ADVAPI32.dll (00007FFA66680000), size: 704512 (result: 0), SymType: '-deferred-', PDB: '', fileVersion: 10.0.19041.1052
E:\2021.2.3f1\Editor\compress_bc7e.dll:compress_bc7e.dll (00007FFA307C0000), size: 1441792 (result: 0), SymType: '-deferred-', PDB: ''
E:\2021.2.3f1\Editor\WinPixEventRuntime.dll:WinPixEventRuntime.dll (00007FFA4D800000), size: 45056 (result: 0), SymType: '-deferred-', PDB: '', fileVersion: 1.0.1812.6001
C:\WINDOWS\System32\msvcrt.dll:msvcrt.dll (00007FFA654E0000), size: 647168 (result: 0), SymType: '-deferred-', PDB: '', fileVersion: 7.0.19041.546
E:\2021.2.3f1\Editor\OpenImageDenoise.dll:OpenImageDenoise.dll (00007FFA18D10000), size: 35123200 (result: 0), SymType: '-deferred-', PDB: '', fileVersion: 1.3.0.0
C:\WINDOWS\System32\sechost.dll:sechost.dll (00007FFA65280000), size: 634880 (result: 0), SymType: '-deferred-', PDB: '', fileVersion: 10.0.19041.1415
C:\WINDOWS\System32\RPCRT4.dll:RPCRT4.dll (00007FFA65150000), size: 1220608 (result: 0), SymType: '-deferred-', PDB: '', fileVersion: 10.0.19041.1288
E:\2021.2.3f1\Editor\umbraoptimizer64.dll:umbraoptimizer64.dll (00007FFA2D790000), size: 1187840 (result: 0), SymType: '-deferred-', PDB: ''
C:\WINDOWS\System32\SHELL32.dll:SHELL32.dll (00007FFA65ED0000), size: 7618560 (result: 0), SymType: '-deferred-', PDB: '', fileVersion: 10.0.19041.1387
C:\WINDOWS\System32\SHLWAPI.dll:SHLWAPI.dll (00007FFA66620000), size: 348160 (result: 0), SymType: '-deferred-', PDB: '', fileVersion: 10.0.19041.1023
C:\WINDOWS\System32\ole32.dll:ole32.dll (00007FFA65320000), size: 1220608 (result: 0), SymType: '-deferred-', PDB: '', fileVersion: 10.0.19041.1202
E:\2021.2.3f1\Editor\tbb12.dll:tbb12.dll (00007FFA2C8C0000), size: 389120 (result: 0), SymType: '-deferred-', PDB: ''
C:\WINDOWS\System32\combase.dll:combase.dll (00007FFA65AC0000), size: 3493888 (result: 0), SymType: '-deferred-', PDB: '', fileVersion: 10.0.19041.1348
C:\WINDOWS\SYSTEM32\MSVCP140.dll:MSVCP140.dll (00007FFA2D2E0000), size: 626688 (result: 0), SymType: '-deferred-', PDB: '', fileVersion: 14.22.27821.0
C:\WINDOWS\System32\IMM32.dll:IMM32.dll (00007FFA65450000), size: 196608 (result: 0), SymType: '-deferred-', PDB: '', fileVersion: 10.0.19041.546
C:\WINDOWS\SYSTEM32\VCRUNTIME140.dll:VCRUNTIME140.dll (00007FFA3ED90000), size: 90112 (result: 0), SymType: '-deferred-', PDB: '', fileVersion: 14.22.27821.0
C:\WINDOWS\System32\SETUPAPI.dll:SETUPAPI.dll (00007FFA64AB0000), size: 4661248 (result: 0), SymType: '-deferred-', PDB: '', fileVersion: 10.0.19041.1237
C:\WINDOWS\System32\cfgmgr32.dll:cfgmgr32.dll (00007FFA648A0000), size: 319488 (result: 0), SymType: '-deferred-', PDB: '', fileVersion: 10.0.19041.1151
C:\WINDOWS\System32\bcrypt.dll:bcrypt.dll (00007FFA64540000), size: 159744 (result: 0), SymType: '-deferred-', PDB: '', fileVersion: 10.0.19041.1023
C:\WINDOWS\System32\WS2_32.dll:WS2_32.dll (00007FFA64F90000), size: 438272 (result: 0), SymType: '-deferred-', PDB: '', fileVersion: 10.0.19041.546
C:\WINDOWS\System32\OLEAUT32.dll:OLEAUT32.dll (00007FFA65730000), size: 839680 (result: 0), SymType: '-deferred-', PDB: '', fileVersion: 10.0.19041.985
C:\WINDOWS\SYSTEM32\OPENGL32.dll:OPENGL32.dll (00007FFA2D660000), size: 1200128 (result: 0), SymType: '-deferred-', PDB: '', fileVersion: 10.0.19041.1081
C:\WINDOWS\System32\WINTRUST.dll:WINTRUST.dll (00007FFA64630000), size: 393216 (result: 0), SymType: '-deferred-', PDB: '', fileVersion: 10.0.19041.1266
C:\WINDOWS\SYSTEM32\GLU32.dll:GLU32.dll (00007FFA3EDB0000), size: 180224 (result: 0), SymType: '-deferred-', PDB: '', fileVersion: 10.0.19041.1081
C:\WINDOWS\SYSTEM32\IPHLPAPI.DLL:IPHLPAPI.DLL (00007FFA634B0000), size: 241664 (result: 0), SymType: '-deferred-', PDB: '', fileVersion: 10.0.19041.546
C:\WINDOWS\SYSTEM32\WINHTTP.dll:WINHTTP.dll (00007FFA5AE80000), size: 1097728 (result: 0), SymType: '-deferred-', PDB: '', fileVersion: 10.0.19041.1320
C:\WINDOWS\SYSTEM32\WINMM.dll:WINMM.dll (00007FFA5AD10000), size: 159744 (result: 0), SymType: '-deferred-', PDB: '', fileVersion: 10.0.19041.546
E:\2021.2.3f1\Editor\RadeonImageFilters.dll:RadeonImageFilters.dll (00007FFA2D380000), size: 2961408 (result: 0), SymType: '-deferred-', PDB: '', fileVersion: 1.7.0.0
C:\WINDOWS\SYSTEM32\HID.DLL:HID.DLL (00007FFA62910000), size: 53248 (result: 0), SymType: '-deferred-', PDB: '', fileVersion: 10.0.19041.546
C:\WINDOWS\SYSTEM32\dwmapi.dll:dwmapi.dll (00007FFA61D90000), size: 192512 (result: 0), SymType: '-deferred-', PDB: '', fileVersion: 10.0.19041.746
E:\2021.2.3f1\Editor\OpenRL.dll:OpenRL.dll (0000000180000000), size: 12779520 (result: 0), SymType: '-deferred-', PDB: '', fileVersion: 1.5.0.2907
E:\2021.2.3f1\Editor\SketchUpAPI.dll:SketchUpAPI.dll (00007FFA2BFE0000), size: 9306112 (result: 0), SymType: '-deferred-', PDB: '', fileVersion: 20.2.172.0
C:\WINDOWS\SYSTEM32\VERSION.dll:VERSION.dll (00007FFA5E820000), size: 40960 (result: 0), SymType: '-deferred-', PDB: '', fileVersion: 10.0.19041.546
C:\WINDOWS\SYSTEM32\WSOCK32.dll:WSOCK32.dll (00007FFA4C5A0000), size: 36864 (result: 0), SymType: '-deferred-', PDB: '', fileVersion: 10.0.19041.1
E:\2021.2.3f1\Editor\RadeonML.dll:RadeonML.dll (00007FFA3A240000), size: 94208 (result: 0), SymType: '-deferred-', PDB: '', fileVersion: 0.9.11.0
C:\WINDOWS\SYSTEM32\MSVCP100.dll:MSVCP100.dll (000000005F0D0000), size: 622592 (result: 0), SymType: '-deferred-', PDB: '', fileVersion: 10.0.40219.325
E:\2021.2.3f1\Editor\embree.dll:embree.dll (00007FFA289C0000), size: 16711680 (result: 0), SymType: '-deferred-', PDB: '', fileVersion: 2.14.0.0
C:\WINDOWS\SYSTEM32\MSVCR100.dll:MSVCR100.dll (000000005F170000), size: 860160 (result: 0), SymType: '-deferred-', PDB: '', fileVersion: 10.0.40219.325
E:\2021.2.3f1\Editor\SketchUpCommonPreferences.dll:SketchUpCommonPreferences.dll (00007FFA2BF60000), size: 479232 (result: 0), SymType: '-deferred-', PDB: '', fileVersion: 20.2.172.37
C:\WINDOWS\SYSTEM32\Secur32.dll:Secur32.dll (00007FFA48690000), size: 49152 (result: 0), SymType: '-deferred-', PDB: '', fileVersion: 10.0.19041.546
E:\2021.2.3f1\Editor\tbb.dll:tbb.dll (00007FFA2B860000), size: 413696 (result: 0), SymType: '-deferred-', PDB: '', fileVersion: 2017.0.2016.1004
C:\WINDOWS\SYSTEM32\SSPICLI.DLL:SSPICLI.DLL (00007FFA63F20000), size: 200704 (result: 0), SymType: '-deferred-', PDB: '', fileVersion: 10.0.19041.1266
C:\WINDOWS\SYSTEM32\MSVCR120.dll:MSVCR120.dll (00007FFA2B4F0000), size: 978944 (result: 0), SymType: '-deferred-', PDB: '', fileVersion: 12.0.40649.5
C:\WINDOWS\SYSTEM32\MSVCP120.dll:MSVCP120.dll (00007FFA2B7B0000), size: 679936 (result: 0), SymType: '-deferred-', PDB: '', fileVersion: 12.0.40649.5
E:\2021.2.3f1\Editor\OpenRL_pthread.dll:OpenRL_pthread.dll (00000164858F0000), size: 61440 (result: 0), SymType: '-deferred-', PDB: '', fileVersion: 2.9.0.0
E:\2021.2.3f1\Editor\FreeImage.dll:FreeImage.dll (0000016485900000), size: 6582272 (result: 0), SymType: '-deferred-', PDB: '', fileVersion: 3.18.0.0
C:\WINDOWS\SYSTEM32\MSWSOCK.DLL:MSWSOCK.DLL (00007FFA63810000), size: 434176 (result: 0), SymType: '-deferred-', PDB: '', fileVersion: 10.0.19041.546
E:\2021.2.3f1\Editor\tbbmalloc.dll:tbbmalloc.dll (00007FFA2B750000), size: 372736 (result: 0), SymType: '-deferred-', PDB: '', fileVersion: 2017.0.2016.1004
C:\WINDOWS\SYSTEM32\MSASN1.dll:MSASN1.dll (00007FFA63C40000), size: 73728 (result: 0), SymType: '-deferred-', PDB: '', fileVersion: 10.0.19041.546
C:\WINDOWS\SYSTEM32\kernel.appcore.dll:kernel.appcore.dll (00007FFA61F70000), size: 73728 (result: 0), SymType: '-deferred-', PDB: '', fileVersion: 10.0.19041.546
C:\WINDOWS\System32\bcryptPrimitives.dll:bcryptPrimitives.dll (00007FFA64570000), size: 532480 (result: 0), SymType: '-deferred-', PDB: '', fileVersion: 10.0.19041.1415
C:\WINDOWS\system32\uxtheme.dll:uxtheme.dll (00007FFA61A90000), size: 647168 (result: 0), SymType: '-deferred-', PDB: '', fileVersion: 10.0.19041.1266
C:\WINDOWS\System32\shcore.dll:shcore.dll (00007FFA65090000), size: 708608 (result: 0), SymType: '-deferred-', PDB: '', fileVersion: 10.0.19041.1387
C:\WINDOWS\SYSTEM32\windows.storage.dll:windows.storage.dll (00007FFA62170000), size: 7946240 (result: 0), SymType: '-deferred-', PDB: '', fileVersion: 10.0.19041.1387
C:\WINDOWS\SYSTEM32\Wldp.dll:Wldp.dll (00007FFA63AB0000), size: 188416 (result: 0), SymType: '-deferred-', PDB: '', fileVersion: 10.0.19041.1320
C:\WINDOWS\SYSTEM32\profapi.dll:profapi.dll (00007FFA63FA0000), size: 126976 (result: 0), SymType: '-deferred-', PDB: '', fileVersion: 10.0.19041.844
C:\WINDOWS\system32\IconCodecService.dll:IconCodecService.dll (00007FFA4A800000), size: 36864 (result: 0), SymType: '-deferred-', PDB: '', fileVersion: 10.0.19041.1
C:\WINDOWS\SYSTEM32\WindowsCodecs.dll:WindowsCodecs.dll (00007FFA5E4E0000), size: 1785856 (result: 0), SymType: '-deferred-', PDB: '', fileVersion: 10.0.19041.1151
C:\WINDOWS\System32\clbcatq.dll:clbcatq.dll (00007FFA64A00000), size: 692224 (result: 0), SymType: '-deferred-', PDB: '', fileVersion: 2001.12.10941.16384
C:\WINDOWS\System32\netprofm.dll:netprofm.dll (00007FFA5F8E0000), size: 253952 (result: 0), SymType: '-deferred-', PDB: '', fileVersion: 10.0.19041.906
C:\WINDOWS\System32\npmproxy.dll:npmproxy.dll (00007FFA59C70000), size: 65536 (result: 0), SymType: '-deferred-', PDB: '', fileVersion: 10.0.19041.906
C:\WINDOWS\System32\NSI.dll:NSI.dll (00007FFA64990000), size: 32768 (result: 0), SymType: '-deferred-', PDB: '', fileVersion: 10.0.19041.610
C:\WINDOWS\SYSTEM32\dhcpcsvc6.DLL:dhcpcsvc6.DLL (00007FFA5DD00000), size: 94208 (result: 0), SymType: '-deferred-', PDB: '', fileVersion: 10.0.19041.546
C:\WINDOWS\SYSTEM32\dhcpcsvc.DLL:dhcpcsvc.DLL (00007FFA5E240000), size: 118784 (result: 0), SymType: '-deferred-', PDB: '', fileVersion: 10.0.19041.546
C:\WINDOWS\SYSTEM32\DNSAPI.dll:DNSAPI.dll (00007FFA634F0000), size: 831488 (result: 0), SymType: '-deferred-', PDB: '', fileVersion: 10.0.19041.1320
C:\WINDOWS\System32\fwpuclnt.dll:fwpuclnt.dll (00007FFA5AE00000), size: 520192 (result: 0), SymType: '-deferred-', PDB: '', fileVersion: 10.0.19041.1348
C:\Windows\System32\rasadhlp.dll:rasadhlp.dll (00007FFA5ACF0000), size: 40960 (result: 0), SymType: '-deferred-', PDB: '', fileVersion: 10.0.19041.546
E:\2021.2.3f1\Editor\NVUnityPlugin.DLL:NVUnityPlugin.DLL (00007FFA2B040000), size: 1523712 (result: 0), SymType: '-deferred-', PDB: ''
C:\WINDOWS\SYSTEM32\vulkan-1.dll:vulkan-1.dll (00007FFA2BE50000), size: 1114112 (result: 0), SymType: '-deferred-', PDB: '', fileVersion: 1.2.170.0
C:\WINDOWS\system32\dxgi.dll:dxgi.dll (00007FFA62950000), size: 999424 (result: 0), SymType: '-deferred-', PDB: '', fileVersion: 10.0.19041.1266
E:\2021.2.3f1\Editor\Data\Tools\astcenc-avx2.dll:astcenc-avx2.dll (00007FFA33030000), size: 561152 (result: 0), SymType: '-deferred-', PDB: ''
C:\WINDOWS\SYSTEM32\d3d11.dll:d3d11.dll (00007FFA5FD90000), size: 2506752 (result: 0), SymType: '-deferred-', PDB: '', fileVersion: 10.0.19041.1202
C:\WINDOWS\System32\DriverStore\FileRepository\nv_dispi.inf_amd64_5c47528f5dd75e7b\nvldumdx.dll:nvldumdx.dll (00007FFA5B720000), size: 1073152 (result: 0), SymType: '-deferred-', PDB: '', fileVersion: 30.0.14.7111
C:\WINDOWS\SYSTEM32\cryptnet.dll:cryptnet.dll (00007FFA5E6A0000), size: 200704 (result: 0), SymType: '-deferred-', PDB: '', fileVersion: 10.0.19041.906
C:\WINDOWS\SYSTEM32\cryptbase.dll:cryptbase.dll (00007FFA63A00000), size: 49152 (result: 0), SymType: '-deferred-', PDB: '', fileVersion: 10.0.19041.546
C:\WINDOWS\System32\imagehlp.dll:imagehlp.dll (00007FFA65AA0000), size: 118784 (result: 0), SymType: '-deferred-', PDB: '', fileVersion: 10.0.19041.1415
C:\WINDOWS\SYSTEM32\CRYPTSP.dll:CRYPTSP.dll (00007FFA63A10000), size: 98304 (result: 0), SymType: '-deferred-', PDB: '', fileVersion: 10.0.19041.546
C:\WINDOWS\system32\rsaenh.dll:rsaenh.dll (00007FFA630C0000), size: 212992 (result: 0), SymType: '-deferred-', PDB: '', fileVersion: 10.0.19041.1052
C:\WINDOWS\System32\DriverStore\FileRepository\nv_dispi.inf_amd64_5c47528f5dd75e7b\nvwgf2umx.dll:nvwgf2umx.dll (00007FFA0D810000), size: 77594624 (result: 0), SymType: '-deferred-', PDB: '', fileVersion: 30.0.14.7111
C:\WINDOWS\SYSTEM32\dxcore.dll:dxcore.dll (00007FFA5D7B0000), size: 241664 (result: 0), SymType: '-deferred-', PDB: '', fileVersion: 10.0.19041.546
C:\WINDOWS\system32\wbem\wbemprox.dll:wbemprox.dll (00007FFA48BA0000), size: 69632 (result: 0), SymType: '-deferred-', PDB: '', fileVersion: 10.0.19041.1320
C:\WINDOWS\SYSTEM32\wbemcomn.dll:wbemcomn.dll (00007FFA58C20000), size: 598016 (result: 0), SymType: '-deferred-', PDB: '', fileVersion: 10.0.19041.1081
C:\WINDOWS\system32\wbem\wbemsvc.dll:wbemsvc.dll (00007FFA4F670000), size: 81920 (result: 0), SymType: '-deferred-', PDB: '', fileVersion: 10.0.19041.1320
C:\WINDOWS\system32\wbem\fastprox.dll:fastprox.dll (00007FFA4F690000), size: 1093632 (result: 0), SymType: '-deferred-', PDB: '', fileVersion: 10.0.19041.546
C:\WINDOWS\SYSTEM32\amsi.dll:amsi.dll (00007FFA492F0000), size: 102400 (result: 0), SymType: '-deferred-', PDB: '', fileVersion: 10.0.19041.746
C:\WINDOWS\SYSTEM32\USERENV.dll:USERENV.dll (00007FFA63F60000), size: 188416 (result: 0), SymType: '-deferred-', PDB: '', fileVersion: 10.0.19041.572
C:\ProgramData\Microsoft\Windows Defender\Platform\4.18.2111.5-0\MpOav.dll:MpOav.dll (00007FFA491E0000), size: 499712 (result: 0), SymType: '-deferred-', PDB: '', fileVersion: 4.18.2111.5
E:\2021.2.3f1\Editor\cudart64_90.dll:cudart64_90.dll (00007FFA40250000), size: 397312 (result: 0), SymType: '-deferred-', PDB: '', fileVersion: 6.14.11.9000
C:\WINDOWS\SYSTEM32\opencl.dll:opencl.dll (00007FFA35550000), size: 1482752 (result: 0), SymType: '-deferred-', PDB: '', fileVersion: 3.0.1.0
E:\2021.2.3f1\Editor\radeonrays.dll:radeonrays.dll (00007FFA401C0000), size: 557056 (result: 0), SymType: '-deferred-', PDB: ''
E:\2021.2.3f1\Editor\Data\MonoBleedingEdge\EmbedRuntime\mono-2.0-bdwgc.dll:mono-2.0-bdwgc.dll (00007FFA34AA0000), size: 11177984 (result: 0), SymType: '-deferred-', PDB: ''
E:\Games\Hero2\Hero2\Library\PackageCache\com.unity.burst@1.6.0\.Runtime\burst-llvm-11.dll:burst-llvm-11.dll (00007FFA14540000), size: 38744064 (result: 0), SymType: '-deferred-', PDB: ''
C:\WINDOWS\SYSTEM32\PROPSYS.dll:PROPSYS.dll (00007FFA5FA90000), size: 1007616 (result: 0), SymType: '-deferred-', PDB: '', fileVersion: 7.0.19041.1023
C:\WINDOWS\WinSxS\amd64_microsoft.windows.common-controls_6595b64144ccf1df_6.0.19041.1110_none_60b5254171f9507e\comctl32.dll:comctl32.dll (00007FFA4B1A0000), size: 2727936 (result: 0), SymType: '-deferred-', PDB: '', fileVersion: 6.10.19041.1110
C:\Windows\System32\MrmCoreR.dll:MrmCoreR.dll (00007FFA59760000), size: 1003520 (result: 0), SymType: '-deferred-', PDB: '', fileVersion: 10.0.19041.1266
C:\Windows\System32\iertutil.dll:iertutil.dll (00007FFA57B40000), size: 2818048 (result: 0), SymType: '-deferred-', PDB: '', fileVersion: 11.0.19041.1266
C:\WINDOWS\SYSTEM32\windows.staterepositorycore.dll:windows.staterepositorycore.dll (00007FFA57940000), size: 69632 (result: 0), SymType: '-deferred-', PDB: '', fileVersion: 10.0.19041.844
C:\Windows\System32\thumbcache.dll:thumbcache.dll (00007FFA4ABB0000), size: 417792 (result: 0), SymType: '-deferred-', PDB: '', fileVersion: 10.0.19041.1151
C:\WINDOWS\SYSTEM32\dbghelp.dll:dbghelp.dll (00007FFA57400000), size: 1982464 (result: 0), SymType: '-deferred-', PDB: '', fileVersion: 10.0.19041.867

========== OUTPUTTING STACK TRACE ==================

0x00007FFA64094F69 (KERNELBASE) RaiseException
0x00007FFA34B1064C (mono-2.0-bdwgc) [C:\build\output\Unity-Technologies\mono\mono\utils\mono-log-common.c:143] mono_log_write_logfile 
0x00007FFA34AFC4A2 (mono-2.0-bdwgc) [C:\build\output\Unity-Technologies\mono\mono\eglib\goutput.c:172] monoeg_g_logv_nofree 
0x00007FFA34AFC57C (mono-2.0-bdwgc) [C:\build\output\Unity-Technologies\mono\mono\eglib\goutput.c:215] monoeg_assertion_message 
0x00007FFA34AFC5C9 (mono-2.0-bdwgc) [C:\build\output\Unity-Technologies\mono\mono\eglib\goutput.c:231] mono_assertion_message 
0x00007FFA34E20305 (mono-2.0-bdwgc) [C:\build\output\Unity-Technologies\mono\mono\mini\mini-generic-sharing.c:3019] fill_runtime_generic_context 
0x00007FFA34E20419 (mono-2.0-bdwgc) [C:\build\output\Unity-Technologies\mono\mono\mini\mini-generic-sharing.c:3089] mono_class_fill_runtime_generic_context 
0x00007FFA34E10957 (mono-2.0-bdwgc) [C:\build\output\Unity-Technologies\mono\mono\mini\mini-trampolines.c:1018] mono_rgctx_lazy_fetch_trampoline 
SymInit: Symbol-SearchPath: 'E:/2021.2.3f1/Editor/Data/Mono;.;E:\Games\Hero2\Hero2;E:\Games\Hero2\Hero2\Library\BurstCache\JIT;E:\2021.2.3f1\Editor;C:\WINDOWS;C:\WINDOWS\system32;SRV*C:\websymbols*http://msdl.microsoft.com/download/symbols;', symOptions: 534, UserName: 'ak918'
OS-Version: 10.0.0
E:\2021.2.3f1\Editor\Unity.exe:Unity.exe (00007FF656730000), size: 72929280 (result: 0), SymType: 'PDB', PDB: 'E:\2021.2.3f1\Editor\Unity_x64.pdb', fileVersion: 2021.2.3.13706
C:\WINDOWS\SYSTEM32\ntdll.dll:ntdll.dll (00007FFA66950000), size: 2052096 (result: 0), SymType: '-exported-', PDB: 'C:\WINDOWS\SYSTEM32\ntdll.dll', fileVersion: 10.0.19041.1288
C:\WINDOWS\System32\KERNEL32.DLL:KERNEL32.DLL (00007FFA66850000), size: 778240 (result: 0), SymType: '-exported-', PDB: 'C:\WINDOWS\System32\KERNEL32.DLL', fileVersion: 10.0.19041.1348
C:\WINDOWS\System32\KERNELBASE.dll:KERNELBASE.dll (00007FFA64060000), size: 2916352 (result: 0), SymType: '-exported-', PDB: 'C:\WINDOWS\System32\KERNELBASE.dll', fileVersion: 10.0.19041.1387
C:\WINDOWS\System32\CRYPT32.dll:CRYPT32.dll (00007FFA643E0000), size: 1400832 (result: 0), SymType: '-exported-', PDB: 'C:\WINDOWS\System32\CRYPT32.dll', fileVersion: 10.0.19041.1320
C:\WINDOWS\System32\ucrtbase.dll:ucrtbase.dll (00007FFA647A0000), size: 1048576 (result: 0), SymType: '-exported-', PDB: 'C:\WINDOWS\System32\ucrtbase.dll', fileVersion: 10.0.19041.789
C:\WINDOWS\System32\USER32.dll:USER32.dll (00007FFA65810000), size: 1708032 (result: 0), SymType: '-exported-', PDB: 'C:\WINDOWS\System32\USER32.dll', fileVersion: 10.0.19041.1202
C:\WINDOWS\System32\win32u.dll:win32u.dll (00007FFA64600000), size: 139264 (result: 0), SymType: '-exported-', PDB: 'C:\WINDOWS\System32\win32u.dll', fileVersion: 10.0.19041.1387
E:\2021.2.3f1\Editor\libfbxsdk.dll:libfbxsdk.dll (00007FFA2C920000), size: 10215424 (result: 0), SymType: '-exported-', PDB: 'E:\2021.2.3f1\Editor\libfbxsdk.dll', fileVersion: 2020.2.0.0
E:\2021.2.3f1\Editor\s3tcompress.dll:s3tcompress.dll (00007FFA49CD0000), size: 180224 (result: 0), SymType: '-exported-', PDB: 'E:\2021.2.3f1\Editor\s3tcompress.dll'
E:\2021.2.3f1\Editor\optix.6.0.0.dll:optix.6.0.0.dll (00007FFA457E0000), size: 208896 (result: 0), SymType: '-exported-', PDB: 'E:\2021.2.3f1\Editor\optix.6.0.0.dll', fileVersion: 6.0.0.0
C:\WINDOWS\System32\GDI32.dll:GDI32.dll (00007FFA65E20000), size: 176128 (result: 0), SymType: '-exported-', PDB: 'C:\WINDOWS\System32\GDI32.dll', fileVersion: 10.0.19041.1202
C:\WINDOWS\System32\gdi32full.dll:gdi32full.dll (00007FFA64690000), size: 1101824 (result: 0), SymType: '-exported-', PDB: 'C:\WINDOWS\System32\gdi32full.dll', fileVersion: 10.0.19041.1387
E:\2021.2.3f1\Editor\etccompress.dll:etccompress.dll (00007FFA2DA60000), size: 5066752 (result: 0), SymType: '-exported-', PDB: 'E:\2021.2.3f1\Editor\etccompress.dll'
C:\WINDOWS\System32\msvcp_win.dll:msvcp_win.dll (00007FFA648F0000), size: 643072 (result: 0), SymType: '-exported-', PDB: 'C:\WINDOWS\System32\msvcp_win.dll', fileVersion: 10.0.19041.789
E:\2021.2.3f1\Editor\ispc_texcomp.dll:ispc_texcomp.dll (00007FFA2DF40000), size: 1740800 (result: 0), SymType: '-exported-', PDB: 'E:\2021.2.3f1\Editor\ispc_texcomp.dll'
C:\WINDOWS\System32\ADVAPI32.dll:ADVAPI32.dll (00007FFA66680000), size: 704512 (result: 0), SymType: '-exported-', PDB: 'C:\WINDOWS\System32\ADVAPI32.dll', fileVersion: 10.0.19041.1052
E:\2021.2.3f1\Editor\compress_bc7e.dll:compress_bc7e.dll (00007FFA307C0000), size: 1441792 (result: 0), SymType: '-exported-', PDB: 'E:\2021.2.3f1\Editor\compress_bc7e.dll'
E:\2021.2.3f1\Editor\WinPixEventRuntime.dll:WinPixEventRuntime.dll (00007FFA4D800000), size: 45056 (result: 0), SymType: '-exported-', PDB: 'E:\2021.2.3f1\Editor\WinPixEventRuntime.dll', fileVersion: 1.0.1812.6001
C:\WINDOWS\System32\msvcrt.dll:msvcrt.dll (00007FFA654E0000), size: 647168 (result: 0), SymType: '-exported-', PDB: 'C:\WINDOWS\System32\msvcrt.dll', fileVersion: 7.0.19041.546
E:\2021.2.3f1\Editor\OpenImageDenoise.dll:OpenImageDenoise.dll (00007FFA18D10000), size: 35123200 (result: 0), SymType: '-exported-', PDB: 'E:\2021.2.3f1\Editor\OpenImageDenoise.dll', fileVersion: 1.3.0.0
C:\WINDOWS\System32\sechost.dll:sechost.dll (00007FFA65280000), size: 634880 (result: 0), SymType: '-exported-', PDB: 'C:\WINDOWS\System32\sechost.dll', fileVersion: 10.0.19041.1415
C:\WINDOWS\System32\RPCRT4.dll:RPCRT4.dll (00007FFA65150000), size: 1220608 (result: 0), SymType: '-exported-', PDB: 'C:\WINDOWS\System32\RPCRT4.dll', fileVersion: 10.0.19041.1288
E:\2021.2.3f1\Editor\umbraoptimizer64.dll:umbraoptimizer64.dll (00007FFA2D790000), size: 1187840 (result: 0), SymType: '-exported-', PDB: 'E:\2021.2.3f1\Editor\umbraoptimizer64.dll'
C:\WINDOWS\System32\SHELL32.dll:SHELL32.dll (00007FFA65ED0000), size: 7618560 (result: 0), SymType: '-exported-', PDB: 'C:\WINDOWS\System32\SHELL32.dll', fileVersion: 10.0.19041.1387
C:\WINDOWS\System32\SHLWAPI.dll:SHLWAPI.dll (00007FFA66620000), size: 348160 (result: 0), SymType: '-exported-', PDB: 'C:\WINDOWS\System32\SHLWAPI.dll', fileVersion: 10.0.19041.1023
C:\WINDOWS\System32\ole32.dll:ole32.dll (00007FFA65320000), size: 1220608 (result: 0), SymType: '-exported-', PDB: 'C:\WINDOWS\System32\ole32.dll', fileVersion: 10.0.19041.1202
E:\2021.2.3f1\Editor\tbb12.dll:tbb12.dll (00007FFA2C8C0000), size: 389120 (result: 0), SymType: '-exported-', PDB: 'E:\2021.2.3f1\Editor\tbb12.dll'
C:\WINDOWS\System32\combase.dll:combase.dll (00007FFA65AC0000), size: 3493888 (result: 0), SymType: '-exported-', PDB: 'C:\WINDOWS\System32\combase.dll', fileVersion: 10.0.19041.1348
C:\WINDOWS\SYSTEM32\MSVCP140.dll:MSVCP140.dll (00007FFA2D2E0000), size: 626688 (result: 0), SymType: '-exported-', PDB: 'C:\WINDOWS\SYSTEM32\MSVCP140.dll', fileVersion: 14.22.27821.0
C:\WINDOWS\System32\IMM32.dll:IMM32.dll (00007FFA65450000), size: 196608 (result: 0), SymType: '-exported-', PDB: 'C:\WINDOWS\System32\IMM32.dll', fileVersion: 10.0.19041.546
C:\WINDOWS\SYSTEM32\VCRUNTIME140.dll:VCRUNTIME140.dll (00007FFA3ED90000), size: 90112 (result: 0), SymType: '-exported-', PDB: 'C:\WINDOWS\SYSTEM32\VCRUNTIME140.dll', fileVersion: 14.22.27821.0
C:\WINDOWS\System32\SETUPAPI.dll:SETUPAPI.dll (00007FFA64AB0000), size: 4661248 (result: 0), SymType: '-exported-', PDB: 'C:\WINDOWS\System32\SETUPAPI.dll', fileVersion: 10.0.19041.1237
C:\WINDOWS\System32\cfgmgr32.dll:cfgmgr32.dll (00007FFA648A0000), size: 319488 (result: 0), SymType: '-exported-', PDB: 'C:\WINDOWS\System32\cfgmgr32.dll', fileVersion: 10.0.19041.1151
C:\WINDOWS\System32\bcrypt.dll:bcrypt.dll (00007FFA64540000), size: 159744 (result: 0), SymType: '-exported-', PDB: 'C:\WINDOWS\System32\bcrypt.dll', fileVersion: 10.0.19041.1023
C:\WINDOWS\System32\WS2_32.dll:WS2_32.dll (00007FFA64F90000), size: 438272 (result: 0), SymType: '-exported-', PDB: 'C:\WINDOWS\System32\WS2_32.dll', fileVersion: 10.0.19041.546
C:\WINDOWS\System32\OLEAUT32.dll:OLEAUT32.dll (00007FFA65730000), size: 839680 (result: 0), SymType: '-exported-', PDB: 'C:\WINDOWS\System32\OLEAUT32.dll', fileVersion: 10.0.19041.985
C:\WINDOWS\SYSTEM32\OPENGL32.dll:OPENGL32.dll (00007FFA2D660000), size: 1200128 (result: 0), SymType: '-exported-', PDB: 'C:\WINDOWS\SYSTEM32\OPENGL32.dll', fileVersion: 10.0.19041.1081
C:\WINDOWS\System32\WINTRUST.dll:WINTRUST.dll (00007FFA64630000), size: 393216 (result: 0), SymType: '-exported-', PDB: 'C:\WINDOWS\System32\WINTRUST.dll', fileVersion: 10.0.19041.1266
C:\WINDOWS\SYSTEM32\GLU32.dll:GLU32.dll (00007FFA3EDB0000), size: 180224 (result: 0), SymType: '-exported-', PDB: 'C:\WINDOWS\SYSTEM32\GLU32.dll', fileVersion: 10.0.19041.1081
C:\WINDOWS\SYSTEM32\IPHLPAPI.DLL:IPHLPAPI.DLL (00007FFA634B0000), size: 241664 (result: 0), SymType: '-exported-', PDB: 'C:\WINDOWS\SYSTEM32\IPHLPAPI.DLL', fileVersion: 10.0.19041.546
C:\WINDOWS\SYSTEM32\WINHTTP.dll:WINHTTP.dll (00007FFA5AE80000), size: 1097728 (result: 0), SymType: '-exported-', PDB: 'C:\WINDOWS\SYSTEM32\WINHTTP.dll', fileVersion: 10.0.19041.1320
C:\WINDOWS\SYSTEM32\WINMM.dll:WINMM.dll (00007FFA5AD10000), size: 159744 (result: 0), SymType: '-exported-', PDB: 'C:\WINDOWS\SYSTEM32\WINMM.dll', fileVersion: 10.0.19041.546
E:\2021.2.3f1\Editor\RadeonImageFilters.dll:RadeonImageFilters.dll (00007FFA2D380000), size: 2961408 (result: 0), SymType: '-exported-', PDB: 'E:\2021.2.3f1\Editor\RadeonImageFilters.dll', fileVersion: 1.7.0.0
C:\WINDOWS\SYSTEM32\HID.DLL:HID.DLL (00007FFA62910000), size: 53248 (result: 0), SymType: '-exported-', PDB: 'C:\WINDOWS\SYSTEM32\HID.DLL', fileVersion: 10.0.19041.546
C:\WINDOWS\SYSTEM32\dwmapi.dll:dwmapi.dll (00007FFA61D90000), size: 192512 (result: 0), SymType: '-exported-', PDB: 'C:\WINDOWS\SYSTEM32\dwmapi.dll', fileVersion: 10.0.19041.746
E:\2021.2.3f1\Editor\OpenRL.dll:OpenRL.dll (0000000180000000), size: 12779520 (result: 0), SymType: '-exported-', PDB: 'E:\2021.2.3f1\Editor\OpenRL.dll', fileVersion: 1.5.0.2907
E:\2021.2.3f1\Editor\SketchUpAPI.dll:SketchUpAPI.dll (00007FFA2BFE0000), size: 9306112 (result: 0), SymType: '-exported-', PDB: 'E:\2021.2.3f1\Editor\SketchUpAPI.dll', fileVersion: 20.2.172.0
C:\WINDOWS\SYSTEM32\VERSION.dll:VERSION.dll (00007FFA5E820000), size: 40960 (result: 0), SymType: '-exported-', PDB: 'C:\WINDOWS\SYSTEM32\VERSION.dll', fileVersion: 10.0.19041.546
C:\WINDOWS\SYSTEM32\WSOCK32.dll:WSOCK32.dll (00007FFA4C5A0000), size: 36864 (result: 0), SymType: '-exported-', PDB: 'C:\WINDOWS\SYSTEM32\WSOCK32.dll', fileVersion: 10.0.19041.1
E:\2021.2.3f1\Editor\RadeonML.dll:RadeonML.dll (00007FFA3A240000), size: 94208 (result: 0), SymType: '-exported-', PDB: 'E:\2021.2.3f1\Editor\RadeonML.dll', fileVersion: 0.9.11.0
C:\WINDOWS\SYSTEM32\MSVCP100.dll:MSVCP100.dll (000000005F0D0000), size: 622592 (result: 0), SymType: '-exported-', PDB: 'C:\WINDOWS\SYSTEM32\MSVCP100.dll', fileVersion: 10.0.40219.325
E:\2021.2.3f1\Editor\embree.dll:embree.dll (00007FFA289C0000), size: 16711680 (result: 0), SymType: '-exported-', PDB: 'E:\2021.2.3f1\Editor\embree.dll', fileVersion: 2.14.0.0
C:\WINDOWS\SYSTEM32\MSVCR100.dll:MSVCR100.dll (000000005F170000), size: 860160 (result: 0), SymType: '-exported-', PDB: 'C:\WINDOWS\SYSTEM32\MSVCR100.dll', fileVersion: 10.0.40219.325
E:\2021.2.3f1\Editor\SketchUpCommonPreferences.dll:SketchUpCommonPreferences.dll (00007FFA2BF60000), size: 479232 (result: 0), SymType: '-exported-', PDB: 'E:\2021.2.3f1\Editor\SketchUpCommonPreferences.dll', fileVersion: 20.2.172.37
C:\WINDOWS\SYSTEM32\Secur32.dll:Secur32.dll (00007FFA48690000), size: 49152 (result: 0), SymType: '-exported-', PDB: 'C:\WINDOWS\SYSTEM32\Secur32.dll', fileVersion: 10.0.19041.546
E:\2021.2.3f1\Editor\tbb.dll:tbb.dll (00007FFA2B860000), size: 413696 (result: 0), SymType: '-exported-', PDB: 'E:\2021.2.3f1\Editor\tbb.dll', fileVersion: 2017.0.2016.1004
C:\WINDOWS\SYSTEM32\SSPICLI.DLL:SSPICLI.DLL (00007FFA63F20000), size: 200704 (result: 0), SymType: '-exported-', PDB: 'C:\WINDOWS\SYSTEM32\SSPICLI.DLL', fileVersion: 10.0.19041.1266
C:\WINDOWS\SYSTEM32\MSVCR120.dll:MSVCR120.dll (00007FFA2B4F0000), size: 978944 (result: 0), SymType: '-exported-', PDB: 'C:\WINDOWS\SYSTEM32\MSVCR120.dll', fileVersion: 12.0.40649.5
C:\WINDOWS\SYSTEM32\MSVCP120.dll:MSVCP120.dll (00007FFA2B7B0000), size: 679936 (result: 0), SymType: '-exported-', PDB: 'C:\WINDOWS\SYSTEM32\MSVCP120.dll', fileVersion: 12.0.40649.5
E:\2021.2.3f1\Editor\OpenRL_pthread.dll:OpenRL_pthread.dll (00000164858F0000), size: 61440 (result: 0), SymType: '-exported-', PDB: 'E:\2021.2.3f1\Editor\OpenRL_pthread.dll', fileVersion: 2.9.0.0
E:\2021.2.3f1\Editor\FreeImage.dll:FreeImage.dll (0000016485900000), size: 6582272 (result: 0), SymType: '-exported-', PDB: 'E:\2021.2.3f1\Editor\FreeImage.dll', fileVersion: 3.18.0.0
C:\WINDOWS\SYSTEM32\MSWSOCK.DLL:MSWSOCK.DLL (00007FFA63810000), size: 434176 (result: 0), SymType: '-exported-', PDB: 'C:\WINDOWS\SYSTEM32\MSWSOCK.DLL', fileVersion: 10.0.19041.546
E:\2021.2.3f1\Editor\tbbmalloc.dll:tbbmalloc.dll (00007FFA2B750000), size: 372736 (result: 0), SymType: '-exported-', PDB: 'E:\2021.2.3f1\Editor\tbbmalloc.dll', fileVersion: 2017.0.2016.1004
C:\WINDOWS\SYSTEM32\MSASN1.dll:MSASN1.dll (00007FFA63C40000), size: 73728 (result: 0), SymType: '-exported-', PDB: 'C:\WINDOWS\SYSTEM32\MSASN1.dll', fileVersion: 10.0.19041.546
C:\WINDOWS\SYSTEM32\kernel.appcore.dll:kernel.appcore.dll (00007FFA61F70000), size: 73728 (result: 0), SymType: '-exported-', PDB: 'C:\WINDOWS\SYSTEM32\kernel.appcore.dll', fileVersion: 10.0.19041.546
C:\WINDOWS\System32\bcryptPrimitives.dll:bcryptPrimitives.dll (00007FFA64570000), size: 532480 (result: 0), SymType: '-exported-', PDB: 'C:\WINDOWS\System32\bcryptPrimitives.dll', fileVersion: 10.0.19041.1415
C:\WINDOWS\system32\uxtheme.dll:uxtheme.dll (00007FFA61A90000), size: 647168 (result: 0), SymType: '-exported-', PDB: 'C:\WINDOWS\system32\uxtheme.dll', fileVersion: 10.0.19041.1266
C:\WINDOWS\System32\shcore.dll:shcore.dll (00007FFA65090000), size: 708608 (result: 0), SymType: '-exported-', PDB: 'C:\WINDOWS\System32\shcore.dll', fileVersion: 10.0.19041.1387
C:\WINDOWS\SYSTEM32\windows.storage.dll:windows.storage.dll (00007FFA62170000), size: 7946240 (result: 0), SymType: '-exported-', PDB: 'C:\WINDOWS\SYSTEM32\windows.storage.dll', fileVersion: 10.0.19041.1387
C:\WINDOWS\SYSTEM32\Wldp.dll:Wldp.dll (00007FFA63AB0000), size: 188416 (result: 0), SymType: '-exported-', PDB: 'C:\WINDOWS\SYSTEM32\Wldp.dll', fileVersion: 10.0.19041.1320
C:\WINDOWS\SYSTEM32\profapi.dll:profapi.dll (00007FFA63FA0000), size: 126976 (result: 0), SymType: '-nosymbols-', PDB: 'C:\WINDOWS\SYSTEM32\profapi.dll', fileVersion: 10.0.19041.844
C:\WINDOWS\system32\IconCodecService.dll:IconCodecService.dll (00007FFA4A800000), size: 36864 (result: 0), SymType: '-nosymbols-', PDB: 'C:\WINDOWS\system32\IconCodecService.dll', fileVersion: 10.0.19041.1
C:\WINDOWS\SYSTEM32\WindowsCodecs.dll:WindowsCodecs.dll (00007FFA5E4E0000), size: 1785856 (result: 0), SymType: '-exported-', PDB: 'C:\WINDOWS\SYSTEM32\WindowsCodecs.dll', fileVersion: 10.0.19041.1151
C:\WINDOWS\System32\clbcatq.dll:clbcatq.dll (00007FFA64A00000), size: 692224 (result: 0), SymType: '-exported-', PDB: 'C:\WINDOWS\System32\clbcatq.dll', fileVersion: 2001.12.10941.16384
C:\WINDOWS\System32\netprofm.dll:netprofm.dll (00007FFA5F8E0000), size: 253952 (result: 0), SymType: '-exported-', PDB: 'C:\WINDOWS\System32\netprofm.dll', fileVersion: 10.0.19041.906
C:\WINDOWS\System32\npmproxy.dll:npmproxy.dll (00007FFA59C70000), size: 65536 (result: 0), SymType: '-exported-', PDB: 'C:\WINDOWS\System32\npmproxy.dll', fileVersion: 10.0.19041.906
C:\WINDOWS\System32\NSI.dll:NSI.dll (00007FFA64990000), size: 32768 (result: 0), SymType: '-exported-', PDB: 'C:\WINDOWS\System32\NSI.dll', fileVersion: 10.0.19041.610
C:\WINDOWS\SYSTEM32\dhcpcsvc6.DLL:dhcpcsvc6.DLL (00007FFA5DD00000), size: 94208 (result: 0), SymType: '-exported-', PDB: 'C:\WINDOWS\SYSTEM32\dhcpcsvc6.DLL', fileVersion: 10.0.19041.546
C:\WINDOWS\SYSTEM32\dhcpcsvc.DLL:dhcpcsvc.DLL (00007FFA5E240000), size: 118784 (result: 0), SymType: '-exported-', PDB: 'C:\WINDOWS\SYSTEM32\dhcpcsvc.DLL', fileVersion: 10.0.19041.546
C:\WINDOWS\SYSTEM32\DNSAPI.dll:DNSAPI.dll (00007FFA634F0000), size: 831488 (result: 0), SymType: '-exported-', PDB: 'C:\WINDOWS\SYSTEM32\DNSAPI.dll', fileVersion: 10.0.19041.1320
C:\WINDOWS\System32\fwpuclnt.dll:fwpuclnt.dll (00007FFA5AE00000), size: 520192 (result: 0), SymType: '-exported-', PDB: 'C:\WINDOWS\System32\fwpuclnt.dll', fileVersion: 10.0.19041.1348
C:\Windows\System32\rasadhlp.dll:rasadhlp.dll (00007FFA5ACF0000), size: 40960 (result: 0), SymType: '-exported-', PDB: 'C:\Windows\System32\rasadhlp.dll', fileVersion: 10.0.19041.546
E:\2021.2.3f1\Editor\NVUnityPlugin.DLL:NVUnityPlugin.DLL (00007FFA2B040000), size: 1523712 (result: 0), SymType: '-exported-', PDB: 'E:\2021.2.3f1\Editor\NVUnityPlugin.DLL'
C:\WINDOWS\SYSTEM32\vulkan-1.dll:vulkan-1.dll (00007FFA2BE50000), size: 1114112 (result: 0), SymType: '-exported-', PDB: 'C:\WINDOWS\SYSTEM32\vulkan-1.dll', fileVersion: 1.2.170.0
C:\WINDOWS\system32\dxgi.dll:dxgi.dll (00007FFA62950000), size: 999424 (result: 0), SymType: '-exported-', PDB: 'C:\WINDOWS\system32\dxgi.dll', fileVersion: 10.0.19041.1266
E:\2021.2.3f1\Editor\Data\Tools\astcenc-avx2.dll:astcenc-avx2.dll (00007FFA33030000), size: 561152 (result: 0), SymType: '-exported-', PDB: 'E:\2021.2.3f1\Editor\Data\Tools\astcenc-avx2.dll'
C:\WINDOWS\SYSTEM32\d3d11.dll:d3d11.dll (00007FFA5FD90000), size: 2506752 (result: 0), SymType: '-exported-', PDB: 'C:\WINDOWS\SYSTEM32\d3d11.dll', fileVersion: 10.0.19041.1202
C:\WINDOWS\System32\DriverStore\FileRepository\nv_dispi.inf_amd64_5c47528f5dd75e7b\nvldumdx.dll:nvldumdx.dll (00007FFA5B720000), size: 1073152 (result: 0), SymType: '-exported-', PDB: 'C:\WINDOWS\System32\DriverStore\FileRepository\nv_dispi.inf_amd64_5c47528f5dd75e7b\nvldumdx.dll', fileVersion: 30.0.14.7111
C:\WINDOWS\SYSTEM32\cryptnet.dll:cryptnet.dll (00007FFA5E6A0000), size: 200704 (result: 0), SymType: '-exported-', PDB: 'C:\WINDOWS\SYSTEM32\cryptnet.dll', fileVersion: 10.0.19041.906
C:\WINDOWS\SYSTEM32\cryptbase.dll:cryptbase.dll (00007FFA63A00000), size: 49152 (result: 0), SymType: '-exported-', PDB: 'C:\WINDOWS\SYSTEM32\cryptbase.dll', fileVersion: 10.0.19041.546
C:\WINDOWS\System32\imagehlp.dll:imagehlp.dll (00007FFA65AA0000), size: 118784 (result: 0), SymType: '-exported-', PDB: 'C:\WINDOWS\System32\imagehlp.dll', fileVersion: 10.0.19041.1415
C:\WINDOWS\SYSTEM32\CRYPTSP.dll:CRYPTSP.dll (00007FFA63A10000), size: 98304 (result: 0), SymType: '-exported-', PDB: 'C:\WINDOWS\SYSTEM32\CRYPTSP.dll', fileVersion: 10.0.19041.546
C:\WINDOWS\system32\rsaenh.dll:rsaenh.dll (00007FFA630C0000), size: 212992 (result: 0), SymType: '-exported-', PDB: 'C:\WINDOWS\system32\rsaenh.dll', fileVersion: 10.0.19041.1052
C:\WINDOWS\System32\DriverStore\FileRepository\nv_dispi.inf_amd64_5c47528f5dd75e7b\nvwgf2umx.dll:nvwgf2umx.dll (00007FFA0D810000), size: 77594624 (result: 0), SymType: '-exported-', PDB: 'C:\WINDOWS\System32\DriverStore\FileRepository\nv_dispi.inf_amd64_5c47528f5dd75e7b\nvwgf2umx.dll', fileVersion: 30.0.14.7111
C:\WINDOWS\SYSTEM32\dxcore.dll:dxcore.dll (00007FFA5D7B0000), size: 241664 (result: 0), SymType: '-exported-', PDB: 'C:\WINDOWS\SYSTEM32\dxcore.dll', fileVersion: 10.0.19041.546
C:\WINDOWS\system32\wbem\wbemprox.dll:wbemprox.dll (00007FFA48BA0000), size: 69632 (result: 0), SymType: '-exported-', PDB: 'C:\WINDOWS\system32\wbem\wbemprox.dll', fileVersion: 10.0.19041.1320
C:\WINDOWS\SYSTEM32\wbemcomn.dll:wbemcomn.dll (00007FFA58C20000), size: 598016 (result: 0), SymType: '-exported-', PDB: 'C:\WINDOWS\SYSTEM32\wbemcomn.dll', fileVersion: 10.0.19041.1081
C:\WINDOWS\system32\wbem\wbemsvc.dll:wbemsvc.dll (00007FFA4F670000), size: 81920 (result: 0), SymType: '-exported-', PDB: 'C:\WINDOWS\system32\wbem\wbemsvc.dll', fileVersion: 10.0.19041.1320
C:\WINDOWS\system32\wbem\fastprox.dll:fastprox.dll (00007FFA4F690000), size: 1093632 (result: 0), SymType: '-exported-', PDB: 'C:\WINDOWS\system32\wbem\fastprox.dll', fileVersion: 10.0.19041.546
C:\WINDOWS\SYSTEM32\amsi.dll:amsi.dll (00007FFA492F0000), size: 102400 (result: 0), SymType: '-exported-', PDB: 'C:\WINDOWS\SYSTEM32\amsi.dll', fileVersion: 10.0.19041.746
C:\WINDOWS\SYSTEM32\USERENV.dll:USERENV.dll (00007FFA63F60000), size: 188416 (result: 0), SymType: '-exported-', PDB: 'C:\WINDOWS\SYSTEM32\USERENV.dll', fileVersion: 10.0.19041.572
C:\ProgramData\Microsoft\Windows Defender\Platform\4.18.2111.5-0\MpOav.dll:MpOav.dll (00007FFA491E0000), size: 499712 (result: 0), SymType: '-exported-', PDB: 'C:\ProgramData\Microsoft\Windows Defender\Platform\4.18.2111.5-0\MpOav.dll', fileVersion: 4.18.2111.5
E:\2021.2.3f1\Editor\cudart64_90.dll:cudart64_90.dll (00007FFA40250000), size: 397312 (result: 0), SymType: '-exported-', PDB: 'E:\2021.2.3f1\Editor\cudart64_90.dll', fileVersion: 6.14.11.9000
C:\WINDOWS\SYSTEM32\opencl.dll:opencl.dll (00007FFA35550000), size: 1482752 (result: 0), SymType: '-exported-', PDB: 'C:\WINDOWS\SYSTEM32\opencl.dll', fileVersion: 3.0.1.0
E:\2021.2.3f1\Editor\radeonrays.dll:radeonrays.dll (00007FFA401C0000), size: 557056 (result: 0), SymType: '-exported-', PDB: 'E:\2021.2.3f1\Editor\radeonrays.dll'
E:\2021.2.3f1\Editor\Data\MonoBleedingEdge\EmbedRuntime\mono-2.0-bdwgc.dll:mono-2.0-bdwgc.dll (00007FFA34AA0000), size: 11177984 (result: 0), SymType: 'PDB', PDB: 'E:\2021.2.3f1\Editor\mono-2.0-bdwgc.pdb'
E:\Games\Hero2\Hero2\Library\PackageCache\com.unity.burst@1.6.0\.Runtime\burst-llvm-11.dll:burst-llvm-11.dll (00007FFA14540000), size: 38744064 (result: 0), SymType: '-exported-', PDB: 'E:\Games\Hero2\Hero2\Library\PackageCache\com.unity.burst@1.6.0\.Runtime\burst-llvm-11.dll'
C:\WINDOWS\SYSTEM32\PROPSYS.dll:PROPSYS.dll (00007FFA5FA90000), size: 1007616 (result: 0), SymType: '-exported-', PDB: 'C:\WINDOWS\SYSTEM32\PROPSYS.dll', fileVersion: 7.0.19041.1023
C:\WINDOWS\WinSxS\amd64_microsoft.windows.common-controls_6595b64144ccf1df_6.0.19041.1110_none_60b5254171f9507e\comctl32.dll:comctl32.dll (00007FFA4B1A0000), size: 2727936 (result: 0), SymType: '-exported-', PDB: 'C:\WINDOWS\WinSxS\amd64_microsoft.windows.common-controls_6595b64144ccf1df_6.0.19041.1110_none_60b5254171f9507e\comctl32.dll', fileVersion: 6.10.19041.1110
C:\Windows\System32\MrmCoreR.dll:MrmCoreR.dll (00007FFA59760000), size: 1003520 (result: 0), SymType: '-exported-', PDB: 'C:\Windows\System32\MrmCoreR.dll', fileVersion: 10.0.19041.1266
C:\Windows\System32\iertutil.dll:iertutil.dll (00007FFA57B40000), size: 2818048 (result: 0), SymType: '-exported-', PDB: 'C:\Windows\System32\iertutil.dll', fileVersion: 11.0.19041.1266
C:\WINDOWS\SYSTEM32\windows.staterepositorycore.dll:windows.staterepositorycore.dll (00007FFA57940000), size: 69632 (result: 0), SymType: '-exported-', PDB: 'C:\WINDOWS\SYSTEM32\windows.staterepositorycore.dll', fileVersion: 10.0.19041.844
C:\Windows\System32\thumbcache.dll:thumbcache.dll (00007FFA4ABB0000), size: 417792 (result: 0), SymType: '-exported-', PDB: 'C:\Windows\System32\thumbcache.dll', fileVersion: 10.0.19041.1151
C:\WINDOWS\SYSTEM32\dbghelp.dll:dbghelp.dll (00007FFA57400000), size: 1982464 (result: 0), SymType: '-exported-', PDB: 'C:\WINDOWS\SYSTEM32\dbghelp.dll', fileVersion: 10.0.19041.867
  ERROR: SymGetSymFromAddr64, GetLastError: '   .' (Address: 00000166B11308C6)
  ERROR: SymGetModuleInfo64, GetLastError: '        (DLL).' (Address: 00000166B11308C6)
0x00000166B11308C6 ((<unknown>)) (function-name not available)
0x00000166BB4A8EBB (Mono JIT Code) System.Collections.ObjectModel.ReadOnlyCollection`1<T_REF>:GetEnumerator ()
0x00000166BC67C373 (Mono JIT Code) [E:\Games\Hero2\Hero2\Library\PackageCache\com.unity.render-pipelines.core@12.1.1\Runtime\Volume\VolumeComponent.cs:187] UnityEngine.Rendering.VolumeComponent:OnDisable () 
0x00000166BB4A6258 (Mono JIT Code) (wrapper runtime-invoke) object:runtime_invoke_void__this__ (object,intptr,intptr,intptr)
0x00007FFA34D1E034 (mono-2.0-bdwgc) [C:\build\output\Unity-Technologies\mono\mono\mini\mini-runtime.c:3445] mono_jit_runtime_invoke 
0x00007FFA34C5E724 (mono-2.0-bdwgc) [C:\build\output\Unity-Technologies\mono\mono\metadata\object.c:3064] do_runtime_invoke 
0x00007FFA34C5E8BC (mono-2.0-bdwgc) [C:\build\output\Unity-Technologies\mono\mono\metadata\object.c:3111] mono_runtime_invoke 
0x00007FF65767E4D4 (Unity) scripting_method_invoke
0x00007FF657679154 (Unity) ScriptingInvocation::Invoke
0x00007FF65767923E (Unity) ScriptingInvocation::InvokeChecked
0x00007FF6576F2706 (Unity) SerializableManagedRef::CallMethod
0x00007FF657657F46 (Unity) MonoBehaviour::WillUnloadScriptableObject
0x00007FF65765003D (Unity) MonoManager::RemoveBehavioursFromManager
0x00007FF6576460C5 (Unity) MonoManager::BeginReloadAssembly
0x00007FF65764FD37 (Unity) MonoManager::ReloadAssembly
0x00007FF658563822 (Unity) LoadDomainAndUserAssemblies
0x00007FF658563F54 (Unity) LoadUserAssemblies
0x00007FF6589F3648 (Unity) <lambda_c8aac203af85da22e031a8e6d38250eb>::operator()
0x00007FF658A88592 (Unity) asio::detail::completion_handler<core::mutable_function<void __cdecl(void)> >::do_complete
0x00007FF658A8A81D (Unity) asio::detail::win_iocp_io_service::do_one
0x00007FF658A8DC3E (Unity) asio::io_service::run
0x00007FF658A86A31 (Unity) IOService::Run
0x00007FF658A1FB98 (Unity) RunAssetImportWorkerClientV2
0x00007FF658A1FC6B (Unity) RunAssetImporterV2
0x00007FF658268A4C (Unity) Application::InitializeProject
0x00007FF6586B1FD8 (Unity) WinMain
0x00007FF6599C13A2 (Unity) __scrt_common_main_seh
0x00007FFA66867034 (KERNEL32) BaseThreadInitThunk
0x00007FFA669A2651 (ntdll) RtlUserThreadStart

========== END OF STACKTRACE ===========

A crash has been intercepted by the crash handler. For call stack and other details, see the latest crash report generated in:
 * C:/Users/ak918/AppData/Local/Temp/Unity/Editor/Crashes
